This is pdfTeX, Version 3.14159265-2.6-1.40.20 (TeX Live 2019/Debian) (preloaded format=pdflatex 2021.9.28)  18 OCT 2021 01:54
entering extended mode
 restricted \write18 enabled.
 %&-line parsing enabled.
**report.tex
(./report.tex
LaTeX2e <2020-02-02> patch level 2
L3 programming layer <2020-02-14>
(/usr/share/texlive/texmf-dist/tex/latex/base/report.cls
Document Class: report 2019/12/20 v1.4l Standard LaTeX document class
(/usr/share/texlive/texmf-dist/tex/latex/base/size12.clo
File: size12.clo 2019/12/20 v1.4l Standard LaTeX file (size option)
)
\c@part=\count167
\c@chapter=\count168
\c@section=\count169
\c@subsection=\count170
\c@subsubsection=\count171
\c@paragraph=\count172
\c@subparagraph=\count173
\c@figure=\count174
\c@table=\count175
\abovecaptionskip=\skip47
\belowcaptionskip=\skip48
\bibindent=\dimen134
)
(/usr/share/texlive/texmf-dist/tex/latex/base/fontenc.sty
Package: fontenc 2020/02/11 v2.0o Standard LaTeX package
)
(/usr/share/texlive/texmf-dist/tex/latex/l3backend/l3backend-pdfmode.def
File: l3backend-pdfmode.def 2020-02-03 L3 backend support: PDF mode
\l__kernel_color_stack_int=\count176
\l__pdf_internal_box=\box45
)
(./report.aux)
\openout1 = `report.aux'.

LaTeX Font Info:    Checking defaults for OML/cmm/m/it on input line 8.
LaTeX Font Info:    ... okay on input line 8.
LaTeX Font Info:    Checking defaults for OMS/cmsy/m/n on input line 8.
LaTeX Font Info:    ... okay on input line 8.
LaTeX Font Info:    Checking defaults for OT1/cmr/m/n on input line 8.
LaTeX Font Info:    ... okay on input line 8.
LaTeX Font Info:    Checking defaults for T1/cmr/m/n on input line 8.
LaTeX Font Info:    ... okay on input line 8.
LaTeX Font Info:    Checking defaults for TS1/cmr/m/n on input line 8.
LaTeX Font Info:    ... okay on input line 8.
LaTeX Font Info:    Checking defaults for OMX/cmex/m/n on input line 8.
LaTeX Font Info:    ... okay on input line 8.
LaTeX Font Info:    Checking defaults for U/cmr/m/n on input line 8.
LaTeX Font Info:    ... okay on input line 8.
LaTeX Font Info:    External font `cmex10' loaded for size
(Font)              <14.4> on input line 9.
LaTeX Font Info:    External font `cmex10' loaded for size
(Font)              <7> on input line 9.
 [1

{/var/lib/texmf/fonts/map/pdftex/updmap/pdftex.map}] [1

]
LaTeX Font Info:    External font `cmex10' loaded for size
(Font)              <12> on input line 25.
LaTeX Font Info:    External font `cmex10' loaded for size
(Font)              <8> on input line 25.
LaTeX Font Info:    External font `cmex10' loaded for size
(Font)              <6> on input line 25.

[2

] [3]
Underfull \hbox (badness 10000) in paragraph at lines 57--60

 []

[4

]
Underfull \hbox (badness 10000) in paragraph at lines 93--98

 []

[5] [6] [7]
Underfull \hbox (badness 10000) in paragraph at lines 167--169

 []


Underfull \hbox (badness 10000) in paragraph at lines 179--181

 []

[8

]
LaTeX Font Info:    External font `cmex10' loaded for size
(Font)              <10.95> on input line 198.
 [9]
Underfull \hbox (badness 10000) in paragraph at lines 259--267

 []


Underfull \hbox (badness 10000) in paragraph at lines 259--267

 []

[10]
Overfull \hbox (7.60905pt too wide) in paragraph at lines 307--308
[]\T1/cmr/m/n/10.95 Offline col-lab-o-ra-tion (lo-cal net-work con-nec-tions) c
an be sup-ported with greater
 []

[11

] [12] [13

] [14

] [15] [16

] (./report.aux) ) 
Here is how much of TeX's memory you used:
 660 strings out of 481239
 9035 string characters out of 5920377
 241563 words of memory out of 5000000
 15987 multiletter control sequences out of 15000+600000
 545296 words of font info for 51 fonts, out of 8000000 for 9000
 1141 hyphenation exceptions out of 8191
 24i,7n,21p,262b,181s stack positions out of 5000i,500n,10000p,200000b,80000s
{/usr/share/texmf/fonts/enc/dvips/cm-super/cm-super-ts1.enc}{
/usr/share/texmf/fonts/enc/dvips/cm-super/cm-super-t1.enc}</usr/share/texlive/t
exmf-dist/fonts/type1/public/amsfonts/cm/cmex10.pfb></usr/share/texlive/texmf-d
ist/fonts/type1/public/amsfonts/cm/cmmi10.pfb></usr/share/texlive/texmf-dist/fo
nts/type1/public/amsfonts/cm/cmmi12.pfb></usr/share/texlive/texmf-dist/fonts/ty
pe1/public/amsfonts/cm/cmmi8.pfb></usr/share/texlive/texmf-dist/fonts/type1/pub
lic/amsfonts/cm/cmr10.pfb></usr/share/texlive/texmf-dist/fonts/type1/public/ams
fonts/cm/cmr12.pfb></usr/share/texlive/texmf-dist/fonts/type1/public/amsfonts/c
m/cmr8.pfb></usr/share/texlive/texmf-dist/fonts/type1/public/amsfonts/cm/cmsy10
.pfb></usr/share/texmf/fonts/type1/public/cm-super/sfbx1200.pfb></usr/share/tex
mf/fonts/type1/public/cm-super/sfbx1440.pfb></usr/share/texmf/fonts/type1/publi
c/cm-super/sfbx1728.pfb></usr/share/texmf/fonts/type1/public/cm-super/sfbx2488.
pfb></usr/share/texmf/fonts/type1/public/cm-super/sfrm1095.pfb></usr/share/texm
f/fonts/type1/public/cm-super/sfrm1200.pfb></usr/share/texmf/fonts/type1/public
/cm-super/sfrm1440.pfb></usr/share/texmf/fonts/type1/public/cm-super/sfrm2074.p
fb>
Output written on report.pdf (17 pages, 241349 bytes).
PDF statistics:
 129 PDF objects out of 1000 (max. 8388607)
 93 compressed objects within 1 object stream
 0 named destinations out of 1000 (max. 500000)
 1 words of extra memory for PDF output out of 10000 (max. 10000000)

